Using pre-set license
Built from '2020.3/staging' branch; Version is '2020.3.16f1 (049d6eca3c44) revision 302446'; Using compiler version '192528614'; Build Type 'Release'
OS: 'Windows 10 Enterprise; OS build 19042.1320; Version 2009; 64bit' Language: 'en' Physical Memory: 16230 MB
BatchMode: 1, IsHumanControllingUs: 0, StartBugReporterOnCrash: 0, Is64bit: 1, IsPro: 0

 COMMAND LINE ARGUMENTS:
C:\Program Files\Unity\Hub\Editor\2020.3.16f1\Editor\Unity.exe
-adb2
-batchMode
-noUpm
-name
AssetImportWorker0
-projectPath
C:/Users/Jbrandon/Desktop/UNITY PROjects/UNITY Projects stuff
-logFile
Logs/AssetImportWorker0.log
-srvPort
61592
Successfully changed project path to: C:/Users/Jbrandon/Desktop/UNITY PROjects/UNITY Projects stuff
C:/Users/Jbrandon/Desktop/UNITY PROjects/UNITY Projects stuff
Using Asset Import Pipeline V2.
Refreshing native plugins compatible for Editor in 51.36 ms, found 2 plugins.
Preloading 0 native plugins for Editor in 0.00 ms.
Initialize engine version: 2020.3.16f1 (049d6eca3c44)
[Subsystems] Discovering subsystems at path C:/Program Files/Unity/Hub/Editor/2020.3.16f1/Editor/Data/Resources/UnitySubsystems
[Subsystems] Discovering subsystems at path C:/Users/Jbrandon/Desktop/UNITY PROjects/UNITY Projects stuff/Assets
GfxDevice: creating device client; threaded=0
Direct3D:
    Version:  Direct3D 11.0 [level 11.1]
    Renderer: NVIDIA Quadro P2000 (ID=0x1cba)
    Vendor:   
    VRAM:     4018 MB
    Driver:   27.21.14.5269
Shader 'Universal Render Pipeline/Particles/Lit': fallback shader 'Universal Render Pipeline/Particles/SimpleLit' not found
Initialize mono
Mono path[0] = 'C:/Program Files/Unity/Hub/Editor/2020.3.16f1/Editor/Data/Managed'
Mono path[1] = 'C:/Program Files/Unity/Hub/Editor/2020.3.16f1/Editor/Data/MonoBleedingEdge/lib/mono/unityjit'
Mono config path = 'C:/Program Files/Unity/Hub/Editor/2020.3.16f1/Editor/Data/MonoBleedingEdge/etc'
Using monoOptions --debugger-agent=transport=dt_socket,embedding=1,server=y,suspend=n,address=127.0.0.1:56264
Begin MonoManager ReloadAssembly
Registering precompiled unity dll's ...
Register platform support module: C:/Program Files/Unity/Hub/Editor/2020.3.16f1/Editor/Data/PlaybackEngines/WindowsStandaloneSupport/UnityEditor.WindowsStandalone.Extensions.dll
Registered in 0.002531 seconds.
Native extension for WindowsStandalone target not found
Refreshing native plugins compatible for Editor in 48.81 ms, found 2 plugins.
Preloading 0 native plugins for Editor in 0.00 ms.
Mono: successfully reloaded assembly
- Completed reload, in  1.331 seconds
Domain Reload Profiling:
	ReloadAssembly (1331ms)
		BeginReloadAssembly (59ms)
			ExecutionOrderSort (0ms)
			DisableScriptedObjects (0ms)
			BackupInstance (0ms)
			ReleaseScriptingObjects (0ms)
			CreateAndSetChildDomain (1ms)
		EndReloadAssembly (415ms)
			LoadAssemblies (56ms)
			RebuildTransferFunctionScriptingTraits (0ms)
			SetupTypeCache (140ms)
			ReleaseScriptCaches (0ms)
			RebuildScriptCaches (31ms)
			SetupLoadedEditorAssemblies (167ms)
				LogAssemblyErrors (0ms)
				InitializePlatformSupportModulesInManaged (4ms)
				SetLoadedEditorAssemblies (0ms)
				RefreshPlugins (49ms)
				BeforeProcessingInitializeOnLoad (16ms)
				ProcessInitializeOnLoadAttributes (73ms)
				ProcessInitializeOnLoadMethodAttributes (25ms)
				AfterProcessingInitializeOnLoad (0ms)
				EditorAssembliesLoaded (0ms)
			ExecutionOrderSort2 (0ms)
			AwakeInstancesAfterBackupRestoration (0ms)
Platform modules already initialized, skipping
Registering precompiled user dll's ...
Registered in 0.008997 seconds.
Begin MonoManager ReloadAssembly
Native extension for WindowsStandalone target not found
Refreshing native plugins compatible for Editor in 53.96 ms, found 2 plugins.
Preloading 0 native plugins for Editor in 0.00 ms.
Mono: successfully reloaded assembly
- Completed reload, in  1.224 seconds
Domain Reload Profiling:
	ReloadAssembly (1225ms)
		BeginReloadAssembly (142ms)
			ExecutionOrderSort (0ms)
			DisableScriptedObjects (4ms)
			BackupInstance (0ms)
			ReleaseScriptingObjects (0ms)
			CreateAndSetChildDomain (18ms)
		EndReloadAssembly (1022ms)
			LoadAssemblies (95ms)
			RebuildTransferFunctionScriptingTraits (0ms)
			SetupTypeCache (303ms)
			ReleaseScriptCaches (1ms)
			RebuildScriptCaches (55ms)
			SetupLoadedEditorAssemblies (442ms)
				LogAssemblyErrors (0ms)
				InitializePlatformSupportModulesInManaged (4ms)
				SetLoadedEditorAssemblies (0ms)
				RefreshPlugins (54ms)
				BeforeProcessingInitializeOnLoad (87ms)
				ProcessInitializeOnLoadAttributes (281ms)
				ProcessInitializeOnLoadMethodAttributes (6ms)
				AfterProcessingInitializeOnLoad (9ms)
				EditorAssembliesLoaded (0ms)
			ExecutionOrderSort2 (0ms)
			AwakeInstancesAfterBackupRestoration (6ms)
Platform modules already initialized, skipping
========================================================================
Worker process is ready to serve import requests
Shader 'Universal Render Pipeline/Particles/Lit': fallback shader 'Universal Render Pipeline/Particles/SimpleLit' not found
Launched and connected shader compiler UnityShaderCompiler.exe after 0.07 seconds
Refreshing native plugins compatible for Editor in 0.49 ms, found 2 plugins.
Preloading 0 native plugins for Editor in 0.00 ms.
Unloading 2829 Unused Serialized files (Serialized files now loaded: 0)
System memory in use before: 149.2 MB.
System memory in use after: 149.4 MB.

Unloading 19 unused Assets to reduce memory usage. Loaded Objects now: 3288.
Total: 3.369300 ms (FindLiveObjects: 0.274000 ms CreateObjectMapping: 0.114400 ms MarkObjects: 2.883200 ms  DeleteObjects: 0.096800 ms)

AssetImportParameters requested are different than current active one (requested -> active):
  custom:framework-win-MediaFoundation: 216162199b28c13a410421893ffa2e32 -> 
  custom:video-decoder-ogg-theora: a1e56fd34408186e4bbccfd4996cb3dc -> 
  custom:container-muxer-webm: aa71ff27fc2769a1b78a27578f13a17b -> 
  custom:container-demuxer-webm: 4f35f7cbe854078d1ac9338744f61a02 -> 
  custom:container-demuxer-ogg: 62fdf1f143b41e24485cea50d1cbac27 -> 
  custom:video-encoder-webm-vp8: eb34c28f22e8b96e1ab97ce403110664 -> 
  custom:video-decoder-webm-vp8: 9c59270c3fd7afecdb556c50c9e8de78 -> 
  custom:audio-decoder-ogg-vorbis: bf7c407c2cedff20999df2af8eb42d56 -> 
  custom:audio-encoder-webm-vorbis: bf7c407c2cedff20999df2af8eb42d56 -> 
========================================================================
Received Import Request.
  path: Assets/Prehab/PAUSE.cs
  artifactKey: Guid(c2ef2d2afbe98c8408ebbad38a4d3b75) Importer(815301076,1909f56bfc062723c751e8b465ee728b)
Start importing Assets/Prehab/PAUSE.cs using Guid(c2ef2d2afbe98c8408ebbad38a4d3b75) Importer(815301076,1909f56bfc062723c751e8b465ee728b)  -> (artifact id: '6e2be36651d8f42aa52e0b416119bcb8') in 0.050205 seconds 
  Import took 0.054421 seconds .

========================================================================
Received Import Request.
  Time since last request: 458.846174 seconds.
  path: Assets/Scripts/PAUSEMENU2.cs
  artifactKey: Guid(8df97a6cbdfdb3a4a975313cde955020) Importer(815301076,1909f56bfc062723c751e8b465ee728b)
Start importing Assets/Scripts/PAUSEMENU2.cs using Guid(8df97a6cbdfdb3a4a975313cde955020) Importer(815301076,1909f56bfc062723c751e8b465ee728b)  -> (artifact id: '1b03c9916cc87f50cf6b2f7176fda840') in 0.002957 seconds 
  Import took 0.008035 seconds .

========================================================================
Received Import Request.
  Time since last request: 184.846738 seconds.
  path: Assets/Unity projectcopy ahockey/EnvBranch.prefab
  artifactKey: Guid(b893848ba0e9e284c9717ee4b2006357) Importer(815301076,1909f56bfc062723c751e8b465ee728b)
Start importing Assets/Unity projectcopy ahockey/EnvBranch.prefab using Guid(b893848ba0e9e284c9717ee4b2006357) Importer(815301076,1909f56bfc062723c751e8b465ee728b)  -> (artifact id: '366009e5df3ea059080a11abb7c8aabf') in 0.209844 seconds 
  Import took 0.214644 seconds .

========================================================================
Received Import Request.
  Time since last request: 0.000354 seconds.
  path: Assets/Unity projectcopy ahockey/EnvBranch (5).prefab
  artifactKey: Guid(83de3264d640d5a44b2edefe47bfd5e0) Importer(815301076,1909f56bfc062723c751e8b465ee728b)
Start importing Assets/Unity projectcopy ahockey/EnvBranch (5).prefab using Guid(83de3264d640d5a44b2edefe47bfd5e0) Importer(815301076,1909f56bfc062723c751e8b465ee728b)  -> (artifact id: '78c5c7dbdcd55eeb9e18a9879a2ad42d') in 0.022084 seconds 
  Import took 0.026094 seconds .

========================================================================
Received Import Request.
  Time since last request: 0.000334 seconds.
  path: Assets/Unity projectcopy ahockey/EnvBranch (3).prefab
  artifactKey: Guid(8d7397283f23fdb458bd8195a43c1918) Importer(815301076,1909f56bfc062723c751e8b465ee728b)
Start importing Assets/Unity projectcopy ahockey/EnvBranch (3).prefab using Guid(8d7397283f23fdb458bd8195a43c1918) Importer(815301076,1909f56bfc062723c751e8b465ee728b)  -> (artifact id: '205e8b515bee5912daaac897b3381c0a') in 0.020115 seconds 
  Import took 0.024617 seconds .

========================================================================
Received Import Request.
  Time since last request: 0.000296 seconds.
  path: Assets/Unity projectcopy ahockey/UnityHouse (1) Variant.prefab
  artifactKey: Guid(9b6231f54bf28b045a78784a9cba951a) Importer(815301076,1909f56bfc062723c751e8b465ee728b)
Start importing Assets/Unity projectcopy ahockey/UnityHouse (1) Variant.prefab using Guid(9b6231f54bf28b045a78784a9cba951a) Importer(815301076,1909f56bfc062723c751e8b465ee728b)  -> (artifact id: 'ffb3f70dd7dd1bc6429e58af18afb5cd') in 0.021404 seconds 
  Import took 0.026107 seconds .

========================================================================
Received Import Request.
  Time since last request: 0.000363 seconds.
  path: Assets/Unity projectcopy ahockey/Rock (7) Variant.prefab
  artifactKey: Guid(a0796bcd6496a344fa8361332a1693ed) Importer(815301076,1909f56bfc062723c751e8b465ee728b)
Start importing Assets/Unity projectcopy ahockey/Rock (7) Variant.prefab using Guid(a0796bcd6496a344fa8361332a1693ed) Importer(815301076,1909f56bfc062723c751e8b465ee728b)  -> (artifact id: 'cedd7602746251834016915793bdc33a') in 0.011255 seconds 
  Import took 0.016102 seconds .

========================================================================
Received Import Request.
  Time since last request: 0.000340 seconds.
  path: Assets/Unity projectcopy ahockey/EnvBranch (3) Variant.prefab
  artifactKey: Guid(e7a97f55d01a00e4b8a292b47cf6e8f6) Importer(815301076,1909f56bfc062723c751e8b465ee728b)
Start importing Assets/Unity projectcopy ahockey/EnvBranch (3) Variant.prefab using Guid(e7a97f55d01a00e4b8a292b47cf6e8f6) Importer(815301076,1909f56bfc062723c751e8b465ee728b)  -> (artifact id: 'c5249b78feb8eb11c8215d5616c40ec3') in 0.010568 seconds 
  Import took 0.015901 seconds .

========================================================================
Received Import Request.
  Time since last request: 0.000380 seconds.
  path: Assets/Unity projectcopy ahockey/EnvBranch (1) Variant.prefab
  artifactKey: Guid(dfe09d8f64b29254e90b67d3bd341ffd) Importer(815301076,1909f56bfc062723c751e8b465ee728b)
Start importing Assets/Unity projectcopy ahockey/EnvBranch (1) Variant.prefab using Guid(dfe09d8f64b29254e90b67d3bd341ffd) Importer(815301076,1909f56bfc062723c751e8b465ee728b)  -> (artifact id: 'd636b3f82620ad5ced718d730b201fbc') in 0.010384 seconds 
  Import took 0.014864 seconds .

========================================================================
Received Import Request.
  Time since last request: 0.000259 seconds.
  path: Assets/Unity projectcopy ahockey/Stones (1) Variant.prefab
  artifactKey: Guid(58f3d56b4f6055c49b1db0b2d41bdc45) Importer(815301076,1909f56bfc062723c751e8b465ee728b)
Start importing Assets/Unity projectcopy ahockey/Stones (1) Variant.prefab using Guid(58f3d56b4f6055c49b1db0b2d41bdc45) Importer(815301076,1909f56bfc062723c751e8b465ee728b)  -> (artifact id: '496adfc280bcc7d62de898b2bace72b0') in 0.011029 seconds 
  Import took 0.015664 seconds .

========================================================================
Received Import Request.
  Time since last request: 0.000346 seconds.
  path: Assets/Unity projectcopy ahockey/EnvBranch (3) Variant.prefab
  artifactKey: Guid(e7a97f55d01a00e4b8a292b47cf6e8f6) Importer(815301076,1909f56bfc062723c751e8b465ee728b)
Start importing Assets/Unity projectcopy ahockey/EnvBranch (3) Variant.prefab using Guid(e7a97f55d01a00e4b8a292b47cf6e8f6) Importer(815301076,1909f56bfc062723c751e8b465ee728b)  -> (artifact id: 'c5249b78feb8eb11c8215d5616c40ec3') in 0.009707 seconds 
  Import took 0.014256 seconds .

========================================================================
Received Import Request.
  Time since last request: 0.005113 seconds.
  path: Assets/Unity projectcopy ahockey/Stones (1) Variant.prefab
  artifactKey: Guid(58f3d56b4f6055c49b1db0b2d41bdc45) Importer(815301076,1909f56bfc062723c751e8b465ee728b)
Start importing Assets/Unity projectcopy ahockey/Stones (1) Variant.prefab using Guid(58f3d56b4f6055c49b1db0b2d41bdc45) Importer(815301076,1909f56bfc062723c751e8b465ee728b)  -> (artifact id: '496adfc280bcc7d62de898b2bace72b0') in 0.010484 seconds 
  Import took 0.015109 seconds .

